app/build/outputs/logs/manifest-merger-debug-report.txt
-- Merging decision tree log ---
manifest
ADDED from src\main\AndroidManifest.xml:2:1-182:12
	package
		ADDED from src\main\AndroidManifest.xml:3:5-40
		INJECTED from src\main\AndroidManifest.xml
		INJECTED from src\main\AndroidManifest.xml
	android:versionName
		INJECTED from src\main\AndroidManifest.xml
		INJECTED from src\main\AndroidManifest.xml
	xmlns:android
		ADDED from src\main\AndroidManifest.xml:2:11-69
	android:versionCode
		INJECTED from src\main\AndroidManifest.xml
		INJECTED from src\main\AndroidManifest.xml
uses-permission#android.permission.INTERNET
ADDED from src\main\AndroidManifest.xml:5:5-67
	android:name
		ADDED from src\main\AndroidManifest.xml:5:22-64
uses-permission-sdk-23
ADDED from src\main\AndroidManifest.xml:7:5-74
	android:name
		ADDED from src\main\AndroidManifest.xml:7:29-71
uses-permission#android.permission.CAMERA
ADDED from src\main\AndroidManifest.xml:9:5-65
	android:name
		ADDED from src\main\AndroidManifest.xml:9:22-62
uses-permission#android.permission.WRITE_EXTERNAL_STORAGE
ADDED from src\main\AndroidManifest.xml:10:5-81
MERGED from [com.squareup.leakcanary:leakcanary-android:1.5] AndroidManifest.xml:26:5-81
	android:name
		ADDED from src\main\AndroidManifest.xml:10:22-78
uses-permission#android.permission.ACCESS_NETWORK_STATE
ADDED from src\main\AndroidManifest.xml:15:5-79
	android:name
		ADDED from src\main\AndroidManifest.xml:15:22-76
uses-permission#android.permission.ACCESS_WIFI_STATE
ADDED from src\main\AndroidManifest.xml:17:5-76
	android:name
		ADDED from src\main\AndroidManifest.xml:17:22-73
uses-permission#android.permission.WAKE_LOCK
ADDED from src\main\AndroidManifest.xml:19:5-68
	android:name
		ADDED from src\main\AndroidManifest.xml:19:22-65
uses-permission#android.permission.READ_PHONE_STATE
ADDED from src\main\AndroidManifest.xml:23:5-75
	android:name
		ADDED from src\main\AndroidManifest.xml:23:22-72
uses-permission#android.permission.READ_EXTERNAL_STORAGE
ADDED from src\main\AndroidManifest.xml:24:5-80
MERGED from [com.squareup.leakcanary:leakcanary-android:1.5] AndroidManifest.xml:25:5-80
	android:name
		ADDED from src\main\AndroidManifest.xml:24:22-77
uses-permission#android.permission.GET_TASKS
ADDED from src\main\AndroidManifest.xml:25:5-68
	android:name
		ADDED from src\main\AndroidManifest.xml:25:22-65
uses-permission#android.permission.ACCESS_COARSE_LOCATION
ADDED from src\main\AndroidManifest.xml:40:5-81
	android:name
		ADDED from src\main\AndroidManifest.xml:40:22-78
uses-permission#android.permission.ACCESS_FINE_LOCATION
ADDED from src\main\AndroidManifest.xml:73:5-79
	android:name
		ADDED from src\main\AndroidManifest.xml:73:22-76
uses-permission#android.permission.CHANGE_WIFI_STATE
ADDED from src\main\AndroidManifest.xml:84:5-76
	android:name
		ADDED from src\main\AndroidManifest.xml:84:22-73
uses-permission#android.permission.ACCESS_LOCATION_EXTRA_COMMANDS
ADDED from src\main\AndroidManifest.xml:92:5-89
	android:name
		ADDED from src\main\AndroidManifest.xml:92:22-86
application
ADDED from src\main\AndroidManifest.xml:94:5-180:19
MERGED from [com.github.ittianyu:widget:unspecified] AndroidManifest.xml:11:5-12:19
MERGED from [com.android.support:design:25.3.1] AndroidManifest.xml:29:5-20
MERGED from [com.android.support:transition:25.3.1] AndroidManifest.xml:26:5-20
MERGED from [com.github.dongjunkun:library:unspecified] AndroidManifest.xml:11:5-14:19
MERGED from [ShareCard-1.5.2 - brunch:easy_indicator:unspecified] AndroidManifest.xml:11:5-15:19
MERGED from [com.android.support:appcompat-v7:25.3.1] AndroidManifest.xml:29:5-20
MERGED from [com.android.support:animated-vector-drawable:25.3.1] AndroidManifest.xml:26:5-20
MERGED from [com.android.support:support-vector-drawable:25.3.1] AndroidManifest.xml:26:5-20
MERGED from [com.githang:status-bar-compat:0.7] AndroidManifest.xml:12:5-20
MERGED from [com.android.support.constraint:constraint-layout:1.0.2] AndroidManifest.xml:9:5-20
MERGED from [q.rorbin:badgeview:1.1.0] AndroidManifest.xml:11:5-20
MERGED from [com.android.support:support-v4:25.3.1] AndroidManifest.xml:29:5-20
MERGED from [com.android.support:support-fragment:25.3.1] AndroidManifest.xml:29:5-20
MERGED from [com.android.support:support-media-compat:25.3.1] AndroidManifest.xml:29:5-20
MERGED from [com.android.support:support-core-ui:25.3.1] AndroidManifest.xml:29:5-20
MERGED from [com.android.support:support-core-utils:25.3.1] AndroidManifest.xml:29:5-20
MERGED from [com.android.support:support-compat:25.3.1] AndroidManifest.xml:29:5-20
MERGED from [com.squareup.leakcanary:leakcanary-android:1.5] AndroidManifest.xml:28:5-57:19
	android:label
		ADDED from src\main\AndroidManifest.xml:97:9-41
	android:supportsRtl
		ADDED from src\main\AndroidManifest.xml:100:9-35
	android:launchMode
		ADDED from src\main\AndroidManifest.xml:98:9-40
	android:roundIcon
		ADDED from src\main\AndroidManifest.xml:99:9-54
	android:allowBackup
		ADDED from src\main\AndroidManifest.xml:95:9-35
	android:icon
		ADDED from src\main\AndroidManifest.xml:96:9-43
	android:theme
		ADDED from src\main\AndroidManifest.xml:101:9-40
activity#cn.bmob.pay.v3.act.PayAct
ADDED from src\main\AndroidManifest.xml:102:9-62
	android:name
		ADDED from src\main\AndroidManifest.xml:102:19-59
provider#android.support.v4.content.FileProvider
ADDED from src\main\AndroidManifest.xml:104:9-112:20
	android:authorities
		ADDED from src\main\AndroidManifest.xml:106:13-70
	android:grantUriPermissions
		ADDED from src\main\AndroidManifest.xml:108:13-47
	android:exported
		ADDED from src\main\AndroidManifest.xml:107:13-37
	android:name
		ADDED from src\main\AndroidManifest.xml:105:13-67
meta-data#android.support.FILE_PROVIDER_PATHS
ADDED from src\main\AndroidManifest.xml:109:13-111:54
	android:resource
		ADDED from src\main\AndroidManifest.xml:111:17-51
	android:name
		ADDED from src\main\AndroidManifest.xml:110:17-67
activity#com.example.wyy.sharecard.SplashActivity
ADDED from src\main\AndroidManifest.xml:114:9-120:20
	android:name
		ADDED from src\main\AndroidManifest.xml:114:19-49
intent-filter#android.intent.action.MAIN+android.intent.category.LAUNCHER
ADDED from src\main\AndroidManifest.xml:115:13-119:29
action#android.intent.action.MAIN
ADDED from src\main\AndroidManifest.xml:116:17-69
	android:name
		ADDED from src\main\AndroidManifest.xml:116:25-66
category#android.intent.category.LAUNCHER
ADDED from src\main\AndroidManifest.xml:118:17-77
	android:name
		ADDED from src\main\AndroidManifest.xml:118:27-74
activity#com.example.wyy.sharecard.HomeActivity
ADDED from src\main\AndroidManifest.xml:121:9-50
	android:name
		ADDED from src\main\AndroidManifest.xml:121:19-47
meta-data#com.amap.api.v2.apikey
ADDED from src\main\AndroidManifest.xml:123:9-125:64
	android:value
		ADDED from src\main\AndroidManifest.xml:125:13-61
	android:name
		ADDED from src\main\AndroidManifest.xml:124:13-50
activity#com.example.wyy.sharecard.ChooseCardHouseActivity
ADDED from src\main\AndroidManifest.xml:127:9-61
	android:name
		ADDED from src\main\AndroidManifest.xml:127:19-58
activity#com.example.wyy.sharecard.CardDetailActivity
ADDED from src\main\AndroidManifest.xml:128:9-56
	android:name
		ADDED from src\main\AndroidManifest.xml:128:19-53
activity#com.example.wyy.sharecard.MineInfActivity
ADDED from src\main\AndroidManifest.xml:129:9-53
	android:name
		ADDED from src\main\AndroidManifest.xml:129:19-50
activity#com.example.wyy.sharecard.BlogActivity
ADDED from src\main\AndroidManifest.xml:130:9-50
	android:name
		ADDED from src\main\AndroidManifest.xml:130:19-47
activity#com.example.wyy.sharecard.SecurityActivity
ADDED from src\main\AndroidManifest.xml:131:9-54
	android:name
		ADDED from src\main\AndroidManifest.xml:131:19-51
activity#com.example.wyy.sharecard.elec_list
ADDED from src\main\AndroidManifest.xml:132:9-47
	android:name
		ADDED from src\main\AndroidManifest.xml:132:19-44
activity#com.tencent.connect.common.AssistActivity
ADDED from src\main\AndroidManifest.xml:134:9-138:75
	android:screenOrientation
		ADDED from src\main\AndroidManifest.xml:137:13-49
	android:configChanges
		ADDED from src\main\AndroidManifest.xml:136:13-63
	android:theme
		ADDED from src\main\AndroidManifest.xml:138:13-72
	android:name
		ADDED from src\main\AndroidManifest.xml:135:13-69
activity#com.tencent.tauth.AuthActivity
ADDED from src\main\AndroidManifest.xml:139:9-151:20
	android:launchMode
		ADDED from src\main\AndroidManifest.xml:141:13-44
	android:noHistory
		ADDED from src\main\AndroidManifest.xml:142:13-37
	android:name
		ADDED from src\main\AndroidManifest.xml:140:13-58
intent-filter#android.intent.action.VIEW+android.intent.category.BROWSABLE+android.intent.category.DEFAULT
ADDED from src\main\AndroidManifest.xml:143:13-150:29
action#android.intent.action.VIEW
ADDED from src\main\AndroidManifest.xml:144:17-69
	android:name
		ADDED from src\main\AndroidManifest.xml:144:25-66
category#android.intent.category.DEFAULT
ADDED from src\main\AndroidManifest.xml:146:17-76
	android:name
		ADDED from src\main\AndroidManifest.xml:146:27-73
category#android.intent.category.BROWSABLE
ADDED from src\main\AndroidManifest.xml:147:17-78
	android:name
		ADDED from src\main\AndroidManifest.xml:147:27-75
data
ADDED from src\main\AndroidManifest.xml:149:17-60
	android:scheme
		ADDED from src\main\AndroidManifest.xml:149:23-57
activity#com.example.wyy.sharecard.CityActivity
ADDED from src\main\AndroidManifest.xml:152:9-50
	android:name
		ADDED from src\main\AndroidManifest.xml:152:19-47
service#com.amap.api.location.APSService
ADDED from src\main\AndroidManifest.xml:154:9-68
	android:name
		ADDED from src\main\AndroidManifest.xml:154:18-65
activity#com.example.wyy.sharecard.ConfirmOrderActivity
ADDED from src\main\AndroidManifest.xml:156:9-58
	android:name
		ADDED from src\main\AndroidManifest.xml:156:19-55
activity#com.example.wyy.sharecard.EditOrderActivity
ADDED from src\main\AndroidManifest.xml:157:9-55
	android:name
		ADDED from src\main\AndroidManifest.xml:157:19-52
activity#com.example.wyy.sharecard.LoginActivity
ADDED from src\main\AndroidManifest.xml:158:9-51
	android:name
		ADDED from src\main\AndroidManifest.xml:158:19-48
activity#com.example.wyy.sharecard.ChooseSendingMethodActivity
ADDED from src\main\AndroidManifest.xml:159:9-65
	android:name
		ADDED from src\main\AndroidManifest.xml:159:19-62
activity#com.example.wyy.sharecard.SettingActivity
ADDED from src\main\AndroidManifest.xml:160:9-53
	android:name
		ADDED from src\main\AndroidManifest.xml:160:19-50
activity#com.example.wyy.sharecard.WebActivity
ADDED from src\main\AndroidManifest.xml:161:9-49
	android:name
		ADDED from src\main\AndroidManifest.xml:161:19-46
activity#com.example.wyy.sharecard.CheckPermissionsActivity
ADDED from src\main\AndroidManifest.xml:162:9-62
	android:name
		ADDED from src\main\AndroidManifest.xml:162:19-59
activity#com.example.wyy.sharecard.ChatActivity
ADDED from src\main\AndroidManifest.xml:163:9-50
	android:name
		ADDED from src\main\AndroidManifest.xml:163:19-47
activity#com.example.wyy.sharecard.SearchActivity
ADDED from src\main\AndroidManifest.xml:164:9-167:47
	android:label
		ADDED from src\main\AndroidManifest.xml:166:13-58
	android:theme
		ADDED from src\main\AndroidManifest.xml:167:13-44
	android:name
		ADDED from src\main\AndroidManifest.xml:165:13-43
activity#com.example.wyy.sharecard.ShareCardActivity
ADDED from src\main\AndroidManifest.xml:168:9-55
	android:name
		ADDED from src\main\AndroidManifest.xml:168:19-52
activity#com.example.wyy.sharecard.List_Vip
ADDED from src\main\AndroidManifest.xml:169:9-46
	android:name
		ADDED from src\main\AndroidManifest.xml:169:19-43
activity#com.example.wyy.sharecard.List_Discount
ADDED from src\main\AndroidManifest.xml:170:9-51
	android:name
		ADDED from src\main\AndroidManifest.xml:170:19-48
activity#com.example.wyy.sharecard.PublishActivity
ADDED from src\main\AndroidManifest.xml:171:9-174:47
	android:label
		ADDED from src\main\AndroidManifest.xml:173:13-59
	android:theme
		ADDED from src\main\AndroidManifest.xml:174:13-44
	android:name
		ADDED from src\main\AndroidManifest.xml:172:13-44
activity#com.example.wyy.sharecard.PublishDetailActivity
ADDED from src\main\AndroidManifest.xml:175:9-59
	android:name
		ADDED from src\main\AndroidManifest.xml:175:19-56
activity#com.example.wyy.sharecard.OutActivity
ADDED from src\main\AndroidManifest.xml:176:9-179:56
	android:label
		ADDED from src\main\AndroidManifest.xml:178:13-55
	android:theme
		ADDED from src\main\AndroidManifest.xml:179:13-44
	android:name
		ADDED from src\main\AndroidManifest.xml:177:13-40
uses-sdk
INJECTED from src\main\AndroidManifest.xml reason: use-sdk injection requested
MERGED from [com.github.ittianyu:widget:unspecified] AndroidManifest.xml:7:5-9:41
MERGED from [com.android.support:design:25.3.1] AndroidManifest.xml:21:5-23:62
MERGED from [com.android.support:recyclerview-v7:25.3.1] AndroidManifest.xml:20:5-43
MERGED from [com.android.support:transition:25.3.1] AndroidManifest.xml:20:5-44
MERGED from [com.github.dongjunkun:library:unspecified] AndroidManifest.xml:7:5-9:41
MERGED from [ShareCard-1.5.2 - brunch:easy_indicator:unspecified] AndroidManifest.xml:7:5-9:41
MERGED from [com.android.support:appcompat-v7:25.3.1] AndroidManifest.xml:21:5-23:78
MERGED from [com.android.support:animated-vector-drawable:25.3.1] AndroidManifest.xml:20:5-44
MERGED from [com.android.support:support-vector-drawable:25.3.1] AndroidManifest.xml:20:5-43
MERGED from [com.githang:status-bar-compat:0.7] AndroidManifest.xml:8:5-10:41
MERGED from [com.android.support.constraint:constraint-layout:1.0.2] AndroidManifest.xml:5:5-7:41
MERGED from [q.rorbin:badgeview:1.1.0] AndroidManifest.xml:7:5-9:41
MERGED from [com.android.databinding:adapters:1.3.1] AndroidManifest.xml:22:5-24:41
MERGED from [com.android.databinding:library:1.3.1] AndroidManifest.xml:22:5-24:41
MERGED from [com.android.support:support-v4:25.3.1] AndroidManifest.xml:21:5-23:54
MERGED from [com.android.support:support-fragment:25.3.1] AndroidManifest.xml:21:5-23:60
MERGED from [com.android.support:support-media-compat:25.3.1] AndroidManifest.xml:21:5-23:63
MERGED from [com.android.support:support-core-ui:25.3.1] AndroidManifest.xml:21:5-23:58
MERGED from [com.android.support:support-core-utils:25.3.1] AndroidManifest.xml:21:5-23:61
MERGED from [com.android.support:support-compat:25.3.1] AndroidManifest.xml:21:5-23:58
MERGED from [com.squareup.leakcanary:leakcanary-android:1.5] AndroidManifest.xml:20:5-22:41
	tools:overrideLibrary
		ADDED from [com.android.support:design:25.3.1] AndroidManifest.xml:23:9-59
	android:targetSdkVersion
		INJECTED from src\main\AndroidManifest.xml
		INJECTED from src\main\AndroidManifest.xml
	android:minSdkVersion
		INJECTED from src\main\AndroidManifest.xml
		INJECTED from src\main\AndroidManifest.xml
meta-data#android.support.VERSION
ADDED from [com.android.support:design:25.3.1] AndroidManifest.xml:25:5-27:34
MERGED from [com.android.support:recyclerview-v7:25.3.1] AndroidManifest.xml:22:5-24:34
MERGED from [com.android.support:transition:25.3.1] AndroidManifest.xml:22:5-24:34
MERGED from [com.android.support:appcompat-v7:25.3.1] AndroidManifest.xml:25:5-27:34
MERGED from [com.android.support:animated-vector-drawable:25.3.1] AndroidManifest.xml:22:5-24:34
MERGED from [com.android.support:support-vector-drawable:25.3.1] AndroidManifest.xml:22:5-24:34
MERGED from [com.android.support:support-v4:25.3.1] AndroidManifest.xml:25:5-27:34
MERGED from [com.android.support:support-fragment:25.3.1] AndroidManifest.xml:25:5-27:34
MERGED from [com.android.support:support-media-compat:25.3.1] AndroidManifest.xml:25:5-27:34
MERGED from [com.android.support:support-core-ui:25.3.1] AndroidManifest.xml:25:5-27:34
MERGED from [com.android.support:support-core-utils:25.3.1] AndroidManifest.xml:25:5-27:34
MERGED from [com.android.support:support-compat:25.3.1] AndroidManifest.xml:25:5-27:34
	android:value
		ADDED from [com.android.support:design:25.3.1] AndroidManifest.xml:27:9-31
	android:name
		ADDED from [com.android.support:design:25.3.1] AndroidManifest.xml:26:9-47
service#com.squareup.leakcanary.internal.HeapAnalyzerService
ADDED from [com.squareup.leakcanary:leakcanary-android:1.5] AndroidManifest.xml:29:9-32:45
	android:enabled
		ADDED from [com.squareup.leakcanary:leakcanary-android:1.5] AndroidManifest.xml:31:13-36
	android:process
		ADDED from [com.squareup.leakcanary:leakcanary-android:1.5] AndroidManifest.xml:32:13-42
	android:name
		ADDED from [com.squareup.leakcanary:leakcanary-android:1.5] AndroidManifest.xml:30:13-80
service#com.squareup.leakcanary.DisplayLeakService
ADDED from [com.squareup.leakcanary:leakcanary-android:1.5] AndroidManifest.xml:33:9-35:39
	android:enabled
		ADDED from [com.squareup.leakcanary:leakcanary-android:1.5] AndroidManifest.xml:35:13-36
	android:name
		ADDED from [com.squareup.leakcanary:leakcanary-android:1.5] AndroidManifest.xml:34:13-70
activity#com.squareup.leakcanary.internal.DisplayLeakActivity
ADDED from [com.squareup.leakcanary:leakcanary-android:1.5] AndroidManifest.xml:37:9-49:20
	android:enabled
		ADDED from [com.squareup.leakcanary:leakcanary-android:1.5] AndroidManifest.xml:39:13-36
	android:label
		ADDED from [com.squareup.leakcanary:leakcanary-android:1.5] AndroidManifest.xml:41:13-71
	android:icon
		ADDED from [com.squareup.leakcanary:leakcanary-android:1.5] AndroidManifest.xml:40:13-54
	android:theme
		ADDED from [com.squareup.leakcanary:leakcanary-android:1.5] AndroidManifest.xml:43:13-63
	android:taskAffinity
		ADDED from [com.squareup.leakcanary:leakcanary-android:1.5] AndroidManifest.xml:42:13-59
	android:name
		ADDED from [com.squareup.leakcanary:leakcanary-android:1.5] AndroidManifest.xml:38:13-80
activity#com.squareup.leakcanary.internal.RequestStoragePermissionActivity
ADDED from [com.squareup.leakcanary:leakcanary-android:1.5] AndroidManifest.xml:50:9-56:68
	android:enabled
		ADDED from [com.squareup.leakcanary:leakcanary-android:1.5] AndroidManifest.xml:52:13-36
	android:label
		ADDED from [com.squareup.leakcanary:leakcanary-android:1.5] AndroidManifest.xml:54:13-82
	android:icon
		ADDED from [com.squareup.leakcanary:leakcanary-android:1.5] AndroidManifest.xml:53:13-54
	android:theme
		ADDED from [com.squareup.leakcanary:leakcanary-android:1.5] AndroidManifest.xml:56:13-65
	android:taskAffinity
		ADDED from [com.squareup.leakcanary:leakcanary-android:1.5] AndroidManifest.xml:55:13-59
	android:name
		ADDED from [com.squareup.leakcanary:leakcanary-android:1.5] AndroidManifest.xml:51:13-93